<?xml version="1.0" encoding="UTF-8"?>
<testng-results skipped="0" failed="0" ignored="0" total="1" passed="1">
  <reporter-output>
  </reporter-output>
  <suite name="TestNG" duration-ms="16921" started-at="2020-04-28T13:42:11 CDT" finished-at="2020-04-28T13:42:28 CDT">
    <groups>
    </groups>
    <test name="LoginTest" duration-ms="16921" started-at="2020-04-28T13:42:11 CDT" finished-at="2020-04-28T13:42:28 CDT">
      <class name="testPage.LoginTest">
        <test-method status="PASS" signature="loginTest(java.lang.String, java.lang.String)[pri:0, instance:testPage.LoginTest@7b49cea0]" name="loginTest" duration-ms="16838" started-at="2020-04-28T13:42:11 CDT" finished-at="2020-04-28T13:42:28 CDT">
          <params>
            <param index="0">
              <value>
                <![CDATA[techfiosdemo@gmail.com]]>
              </value>
            </param>
            <param index="1">
              <value>
                <![CDATA[abc123]]>
              </value>
            </param>
          </params>
          <reporter-output>
          </reporter-output>
        </test-method> <!-- loginTest -->
      </class> <!-- testPage.LoginTest -->
    </test> <!-- LoginTest -->
  </suite> <!-- TestNG -->
</testng-results>
