<?xml version="1.0" encoding="UTF-8"?>
<!-- Generated by org.testng.reporters.JUnitXMLReporter -->
<testsuite hostname="silverone1" ignored="0" name="LoginTest" tests="1" failures="1" timestamp="2020-04-23T22:13:57 CDT" time="14.08" errors="0">
  <testcase name="loginTest" time="13.971" classname="testPage.LoginTest">
    <failure type="java.lang.NullPointerException">
      <![CDATA[java.lang.NullPointerException
at org.openqa.selenium.support.pagefactory.DefaultElementLocator.findElement(DefaultElementLocator.java:69)
at org.openqa.selenium.support.pagefactory.internal.LocatingElementHandler.invoke(LocatingElementHandler.java:38)
at com.sun.proxy.$Proxy8.sendKeys(Unknown Source)
at page.LoginPage.userlogin(LoginPage.java:19)
at testPage.LoginTest.loginTest(LoginTest.java:21)
at java.util.ArrayList.forEach(Unknown Source)
... Removed 27 stack frames]]>
    </failure>
  </testcase> <!-- loginTest -->
</testsuite> <!-- LoginTest -->
